<?xml version="1.0" encoding="UTF-8"?>
<testng-results skipped="0" failed="1" ignored="0" total="3" passed="2">
  <reporter-output>
  </reporter-output>
  <suite name="Suite" duration-ms="52880" started-at="2021-03-04T15:33:21 IST" finished-at="2021-03-04T15:34:14 IST">
    <groups>
    </groups>
    <test name="Test3" duration-ms="21041" started-at="2021-03-04T15:33:21 IST" finished-at="2021-03-04T15:33:42 IST">
      <class name="practice.VerifyTitle">
        <test-method status="FAIL" signature="verifypageTitle(java.lang.String)[pri:0, instance:practice.VerifyTitle@f4168b8]" name="verifypageTitle" duration-ms="20877" started-at="2021-03-04T15:33:21 IST" finished-at="2021-03-04T15:33:42 IST">
          <params>
            <param index="0">
              <value>
                <![CDATA[edge]]>
              </value>
            </param>
          </params>
          <exception class="org.openqa.selenium.remote.UnreachableBrowserException">
            <message>
              <![CDATA[Could not start a new session. Possible causes are invalid address of the remote server or browser start-up failure.
Build info: version: 'unknown', revision: 'unknown', time: 'unknown'
System info: host: 'DESKTOP-5N9GV5K', ip: '192.168.43.49', os.name: 'Windows 10', os.arch: 'amd64', os.version: '10.0', java.version: '1.8.0_211'
Driver info: driver.version: EdgeDriver]]>
            </message>
            <full-stacktrace>
              <![CDATA[org.openqa.selenium.remote.UnreachableBrowserException: Could not start a new session. Possible causes are invalid address of the remote server or browser start-up failure.
Build info: version: 'unknown', revision: 'unknown', time: 'unknown'
System info: host: 'DESKTOP-5N9GV5K', ip: '192.168.43.49', os.name: 'Windows 10', os.arch: 'amd64', os.version: '10.0', java.version: '1.8.0_211'
Driver info: driver.version: EdgeDriver
at org.openqa.selenium.remote.RemoteWebDriver.execute(RemoteWebDriver.java:658)
at org.openqa.selenium.remote.RemoteWebDriver.startSession(RemoteWebDriver.java:250)
at org.openqa.selenium.remote.RemoteWebDriver.startSession(RemoteWebDriver.java:236)
at org.openqa.selenium.remote.RemoteWebDriver.<init>(RemoteWebDriver.java:137)
at org.openqa.selenium.edge.EdgeDriver.<init>(EdgeDriver.java:150)
at org.openqa.selenium.edge.EdgeDriver.<init>(EdgeDriver.java:139)
at org.openqa.selenium.edge.EdgeDriver.<init>(EdgeDriver.java:96)
at practice.VerifyTitle.verifypageTitle(VerifyTitle.java:28)
at sun.reflect.NativeMethodAccessorImpl.invoke0(Native Method)
at sun.reflect.NativeMethodAccessorImpl.invoke(Unknown Source)
at sun.reflect.DelegatingMethodAccessorImpl.invoke(Unknown Source)
at java.lang.reflect.Method.invoke(Unknown Source)
at org.testng.internal.MethodInvocationHelper.invokeMethod(MethodInvocationHelper.java:135)
at org.testng.internal.TestInvoker.invokeMethod(TestInvoker.java:598)
at org.testng.internal.TestInvoker.invokeTestMethod(TestInvoker.java:174)
at org.testng.internal.MethodRunner.runInSequence(MethodRunner.java:46)
at org.testng.internal.TestInvoker$MethodInvocationAgent.invoke(TestInvoker.java:821)
at org.testng.internal.TestInvoker.invokeTestMethods(TestInvoker.java:147)
at org.testng.internal.TestMethodWorker.invokeTestMethods(TestMethodWorker.java:146)
at org.testng.internal.TestMethodWorker.run(TestMethodWorker.java:128)
at java.util.ArrayList.forEach(Unknown Source)
at org.testng.TestRunner.privateRun(TestRunner.java:767)
at org.testng.TestRunner.run(TestRunner.java:588)
at org.testng.SuiteRunner.runTest(SuiteRunner.java:384)
at org.testng.SuiteRunner.access$000(SuiteRunner.java:28)
at org.testng.SuiteRunner$SuiteWorker.run(SuiteRunner.java:425)
at org.testng.internal.thread.ThreadUtil.lambda$execute$0(ThreadUtil.java:68)
at java.util.concurrent.FutureTask.run(Unknown Source)
at java.util.concurrent.ThreadPoolExecutor.runWorker(Unknown Source)
at java.util.concurrent.ThreadPoolExecutor$Worker.run(Unknown Source)
at java.lang.Thread.run(Unknown Source)
Caused by: java.lang.IllegalStateException: The process has not exited yet therefore no result is available ...
at org.apache.commons.exec.DefaultExecuteResultHandler.getException(DefaultExecuteResultHandler.java:76)
at org.openqa.selenium.os.UnixProcess.checkForError(UnixProcess.java:174)
at org.openqa.selenium.os.CommandLine.checkForError(CommandLine.java:183)
at org.openqa.selenium.remote.service.DriverService.waitUntilAvailable(DriverService.java:192)
at org.openqa.selenium.remote.service.DriverService.start(DriverService.java:181)
at org.openqa.selenium.remote.service.DriverCommandExecutor.execute(DriverCommandExecutor.java:78)
at org.openqa.selenium.remote.RemoteWebDriver.execute(RemoteWebDriver.java:637)
... 30 more
]]>
            </full-stacktrace>
          </exception> <!-- org.openqa.selenium.remote.UnreachableBrowserException -->
          <reporter-output>
          </reporter-output>
        </test-method> <!-- verifypageTitle -->
      </class> <!-- practice.VerifyTitle -->
    </test> <!-- Test3 -->
    <test name="Test2" duration-ms="27237" started-at="2021-03-04T15:33:21 IST" finished-at="2021-03-04T15:33:49 IST">
      <class name="practice.VerifyTitle">
        <test-method status="PASS" signature="verifypageTitle(java.lang.String)[pri:0, instance:practice.VerifyTitle@de3a06f]" name="verifypageTitle" duration-ms="27188" started-at="2021-03-04T15:33:21 IST" finished-at="2021-03-04T15:33:49 IST">
          <params>
            <param index="0">
              <value>
                <![CDATA[chrome]]>
              </value>
            </param>
          </params>
          <reporter-output>
          </reporter-output>
        </test-method> <!-- verifypageTitle -->
      </class> <!-- practice.VerifyTitle -->
    </test> <!-- Test2 -->
    <test name="Test1" duration-ms="52880" started-at="2021-03-04T15:33:21 IST" finished-at="2021-03-04T15:34:14 IST">
      <class name="practice.VerifyTitle">
        <test-method status="PASS" signature="verifypageTitle(java.lang.String)[pri:0, instance:practice.VerifyTitle@1068e947]" name="verifypageTitle" duration-ms="52829" started-at="2021-03-04T15:33:21 IST" finished-at="2021-03-04T15:34:14 IST">
          <params>
            <param index="0">
              <value>
                <![CDATA[firefox]]>
              </value>
            </param>
          </params>
          <reporter-output>
          </reporter-output>
        </test-method> <!-- verifypageTitle -->
      </class> <!-- practice.VerifyTitle -->
    </test> <!-- Test1 -->
  </suite> <!-- Suite -->
</testng-results>
